# JRE version: Java(TM) SE Runtime Environment (8.0_92-b14) (build 1.8.0_92-b14)
# Java VM: Java HotSpot(TM) 64-Bit Server VM (25.92-b14 mixed mode linux-amd64 compressed oops)
Heap:
 PSYoungGen      total 773120K, used 295093K [0x0000000670d00000, 0x00000006e4780000, 0x00000007c0000000)
  eden space 730624K, 34% used [0x0000000670d00000,0x00000006803b06f0,0x000000069d680000)
  from space 42496K, 99% used [0x000000069d680000,0x000000069fffcfb0,0x00000006a0000000)
  to   space 523776K, 0% used [0x00000006c4800000,0x00000006c4800000,0x00000006e4780000)
 ParOldGen       total 2045440K, used 1093089K [0x00000003d2600000, 0x000000044f380000, 0x0000000670d00000)
  object space 2045440K, 53% used [0x00000003d2600000,0x0000000415178578,0x000000044f380000)
 Metaspace       used 6919K, capacity 7084K, committed 7296K, reserved 1056768K
  class space    used 700K, capacity 774K, committed 896K, reserved 1048576K
GC Heap History (10 events):
Event: 0.894 GC heap before
{Heap before GC invocations=3 (full 1):
 PSYoungGen      total 558592K, used 42475K [0x0000000670d00000, 0x0000000695800000, 0x00000007c0000000)
  eden space 516096K, 0% used [0x0000000670d00000,0x0000000670d00000,0x0000000690500000)
  from space 42496K, 99% used [0x0000000692e80000,0x00000006957fac18,0x0000000695800000)
  to   space 42496K, 0% used [0x0000000690500000,0x0000000690500000,0x0000000692e80000)
 ParOldGen       total 687104K, used 433456K [0x00000003d2600000, 0x00000003fc500000, 0x0000000670d00000)
  object space 687104K, 63% used [0x00000003d2600000,0x00000003ecd4c000,0x00000003fc500000)
 Metaspace       used 3204K, capacity 4556K, committed 4864K, reserved 1056768K
  class space    used 334K, capacity 392K, committed 512K, reserved 1048576K
Event: 1.440 GC heap after
Heap after GC invocations=3 (full 1):
 PSYoungGen      total 558592K, used 0K [0x0000000670d00000, 0x0000000695800000, 0x00000007c0000000)
  eden space 516096K, 0% used [0x0000000670d00000,0x0000000670d00000,0x0000000690500000)
  from space 42496K, 0% used [0x0000000692e80000,0x0000000692e80000,0x0000000695800000)
  to   space 42496K, 0% used [0x0000000690500000,0x0000000690500000,0x0000000692e80000)
 ParOldGen       total 1126400K, used 470356K [0x00000003d2600000, 0x0000000417200000, 0x0000000670d00000)
  object space 1126400K, 41% used [0x00000003d2600000,0x00000003ef1553f8,0x0000000417200000)
 Metaspace       used 3204K, capacity 4556K, committed 4864K, reserved 1056768K
  class space    used 334K, capacity 392K, committed 512K, reserved 1048576K
}
Event: 1.781 GC heap before
{Heap before GC invocations=4 (full 1):
 PSYoungGen      total 558592K, used 516096K [0x0000000670d00000, 0x0000000695800000, 0x00000007c0000000)
  eden space 516096K, 100% used [0x0000000670d00000,0x0000000690500000,0x0000000690500000)
  from space 42496K, 0% used [0x0000000692e80000,0x0000000692e80000,0x0000000695800000)
  to   space 42496K, 0% used [0x0000000690500000,0x0000000690500000,0x0000000692e80000)
 ParOldGen       total 1126400K, used 470356K [0x00000003d2600000, 0x0000000417200000, 0x0000000670d00000)
  object space 1126400K, 41% used [0x00000003d2600000,0x00000003ef1553f8,0x0000000417200000)
 Metaspace       used 3241K, capacity 4556K, committed 4864K, reserved 1056768K
  class space    used 337K, capacity 392K, committed 512K, reserved 1048576K
Event: 1.995 GC heap after
Heap after GC invocations=4 (full 1):
 PSYoungGen      total 558592K, used 42495K [0x0000000670d00000, 0x00000006a2980000, 0x00000007c0000000)
  eden space 516096K, 0% used [0x0000000670d00000,0x0000000670d00000,0x0000000690500000)
  from space 42496K, 99% used [0x0000000690500000,0x0000000692e7fd18,0x0000000692e80000)
  to   space 42496K, 0% used [0x00000006a0000000,0x00000006a0000000,0x00000006a2980000)
 ParOldGen       total 1126400K, used 903260K [0x00000003d2600000, 0x0000000417200000, 0x0000000670d00000)
  object space 1126400K, 80% used [0x00000003d2600000,0x00000004098173f8,0x0000000417200000)
 Metaspace       used 3241K, capacity 4556K, committed 4864K, reserved 1056768K
  class space    used 337K, capacity 392K, committed 512K, reserved 1048576K
}
Event: 1.995 GC heap before
{Heap before GC invocations=5 (full 2):
 PSYoungGen      total 558592K, used 42495K [0x0000000670d00000, 0x00000006a2980000, 0x00000007c0000000)
  eden space 516096K, 0% used [0x0000000670d00000,0x0000000670d00000,0x0000000690500000)
  from space 42496K, 99% used [0x0000000690500000,0x0000000692e7fd18,0x0000000692e80000)
  to   space 42496K, 0% used [0x00000006a0000000,0x00000006a0000000,0x00000006a2980000)
 ParOldGen       total 1126400K, used 903260K [0x00000003d2600000, 0x0000000417200000, 0x0000000670d00000)
  object space 1126400K, 80% used [0x00000003d2600000,0x00000004098173f8,0x0000000417200000)
 Metaspace       used 3241K, capacity 4556K, committed 4864K, reserved 1056768K
  class space    used 337K, capacity 392K, committed 512K, reserved 1048576K
Event: 2.789 GC heap after
Heap after GC invocations=5 (full 2):
 PSYoungGen      total 558592K, used 0K [0x0000000670d00000, 0x00000006a2980000, 0x00000007c0000000)
  eden space 516096K, 0% used [0x0000000670d00000,0x0000000670d00000,0x0000000690500000)
  from space 42496K, 0% used [0x0000000690500000,0x0000000690500000,0x0000000692e80000)
  to   space 42496K, 0% used [0x00000006a0000000,0x00000006a0000000,0x00000006a2980000)
 ParOldGen       total 2045440K, used 929799K [0x00000003d2600000, 0x000000044f380000, 0x0000000670d00000)
  object space 2045440K, 45% used [0x00000003d2600000,0x000000040b201f98,0x000000044f380000)
 Metaspace       used 3241K, capacity 4556K, committed 4864K, reserved 1056768K
  class space    used 337K, capacity 392K, committed 512K, reserved 1048576K
}
Event: 3.484 GC heap before
{Heap before GC invocations=6 (full 2):
 PSYoungGen      total 558592K, used 516096K [0x0000000670d00000, 0x00000006a2980000, 0x00000007c0000000)
  eden space 516096K, 100% used [0x0000000670d00000,0x0000000690500000,0x0000000690500000)
  from space 42496K, 0% used [0x0000000690500000,0x0000000690500000,0x0000000692e80000)
  to   space 42496K, 0% used [0x00000006a0000000,0x00000006a0000000,0x00000006a2980000)
 ParOldGen       total 2045440K, used 929799K [0x00000003d2600000, 0x000000044f380000, 0x0000000670d00000)
  object space 2045440K, 45% used [0x00000003d2600000,0x000000040b201f98,0x000000044f380000)
 Metaspace       used 4504K, capacity 4852K, committed 5120K, reserved 1056768K
  class space    used 474K, capacity 496K, committed 512K, reserved 1048576K
Event: 3.575 GC heap after
Heap after GC invocations=6 (full 2):
 PSYoungGen      total 718848K, used 42483K [0x0000000670d00000, 0x00000006a2980000, 0x00000007c0000000)
  eden space 676352K, 0% used [0x0000000670d00000,0x0000000670d00000,0x000000069a180000)
  from space 42496K, 99% used [0x00000006a0000000,0x00000006a297cf50,0x00000006a2980000)
  to   space 42496K, 0% used [0x000000069d680000,0x000000069d680000,0x00000006a0000000)
 ParOldGen       total 2045440K, used 1058297K [0x00000003d2600000, 0x000000044f380000, 0x0000000670d00000)
  object space 2045440K, 51% used [0x00000003d2600000,0x0000000412f7e658,0x000000044f380000)
 Metaspace       used 4504K, capacity 4852K, committed 5120K, reserved 1056768K
  class space    used 474K, capacity 496K, committed 512K, reserved 1048576K
}
Event: 93.861 GC heap before
{Heap before GC invocations=7 (full 2):
 PSYoungGen      total 718848K, used 718835K [0x0000000670d00000, 0x00000006a2980000, 0x00000007c0000000)
  eden space 676352K, 100% used [0x0000000670d00000,0x000000069a180000,0x000000069a180000)
  from space 42496K, 99% used [0x00000006a0000000,0x00000006a297cf50,0x00000006a2980000)
  to   space 42496K, 0% used [0x000000069d680000,0x000000069d680000,0x00000006a0000000)
 ParOldGen       total 2045440K, used 1058297K [0x00000003d2600000, 0x000000044f380000, 0x0000000670d00000)
  object space 2045440K, 51% used [0x00000003d2600000,0x0000000412f7e658,0x000000044f380000)
 Metaspace       used 6901K, capacity 7084K, committed 7296K, reserved 1056768K
  class space    used 698K, capacity 774K, committed 896K, reserved 1048576K
Event: 93.935 GC heap after
Heap after GC invocations=7 (full 2):
 PSYoungGen      total 773120K, used 42483K [0x0000000670d00000, 0x00000006e4780000, 0x00000007c0000000)
  eden space 730624K, 0% used [0x0000000670d00000,0x0000000670d00000,0x000000069d680000)
  from space 42496K, 99% used [0x000000069d680000,0x000000069fffcfb0,0x00000006a0000000)
  to   space 523776K, 0% used [0x00000006c4800000,0x00000006c4800000,0x00000006e4780000)
 ParOldGen       total 2045440K, used 1093089K [0x00000003d2600000, 0x000000044f380000, 0x0000000670d00000)
  object space 2045440K, 53% used [0x00000003d2600000,0x0000000415178578,0x000000044f380000)
 Metaspace       used 6901K, capacity 7084K, committed 7296K, reserved 1056768K
  class space    used 698K, capacity 774K, committed 896K, reserved 1048576K
}

