# JRE version: Java(TM) SE Runtime Environment (8.0_92-b14) (build 1.8.0_92-b14)
# Java VM: Java HotSpot(TM) 64-Bit Server VM (25.92-b14 mixed mode linux-amd64 )
Heap:
 PSYoungGen      total 1098240K, used 1054859K [0x00007fe914800000, 0x00007fe976900000, 0x00007fee35000000)
  eden space 1072640K, 95% used [0x00007fe914800000,0x00007fe9535974e8,0x00007fe955f80000)
  from space 25600K, 98% used [0x00007fe955f80000,0x00007fe95780b740,0x00007fe957880000)
  to   space 266240K, 0% used [0x00007fe966500000,0x00007fe966500000,0x00007fe976900000)
 ParOldGen       total 2054656K, used 1203319K [0x00007fded3800000, 0x00007fdf50e80000, 0x00007fe914800000)
  object space 2054656K, 58% used [0x00007fded3800000,0x00007fdf1cf1dd18,0x00007fdf50e80000)
 Metaspace       used 6688K, capacity 6723K, committed 6912K, reserved 8192K
GC Heap History (10 events):
Event: 431.276 GC heap before
{Heap before GC invocations=23 (full 2):
 PSYoungGen      total 1376256K, used 1102875K [0x00007fe914800000, 0x00007fe97cc00000, 0x00007fee35000000)
  eden space 1067008K, 100% used [0x00007fe914800000,0x00007fe955a00000,0x00007fe955a00000)
  from space 309248K, 11% used [0x00007fe969e00000,0x00007fe96c106fe8,0x00007fe97cc00000)
  to   space 320512K, 0% used [0x00007fe955a00000,0x00007fe955a00000,0x00007fe969300000)
 ParOldGen       total 2054656K, used 1193573K [0x00007fded3800000, 0x00007fdf50e80000, 0x00007fe914800000)
  object space 2054656K, 58% used [0x00007fded3800000,0x00007fdf1c5995a8,0x00007fdf50e80000)
 Metaspace       used 6679K, capacity 6723K, committed 6912K, reserved 8192K
Event: 431.302 GC heap after
Heap after GC invocations=23 (full 2):
 PSYoungGen      total 1082368K, used 14925K [0x00007fe914800000, 0x00007fe97bf00000, 0x00007fee35000000)
  eden space 1067008K, 0% used [0x00007fe914800000,0x00007fe914800000,0x00007fe955a00000)
  from space 15360K, 97% used [0x00007fe955a00000,0x00007fe956893750,0x00007fe956900000)
  to   space 312320K, 0% used [0x00007fe968e00000,0x00007fe968e00000,0x00007fe97bf00000)
 ParOldGen       total 2054656K, used 1201767K [0x00007fded3800000, 0x00007fdf50e80000, 0x00007fe914800000)
  object space 2054656K, 58% used [0x00007fded3800000,0x00007fdf1cd99d08,0x00007fdf50e80000)
 Metaspace       used 6679K, capacity 6723K, committed 6912K, reserved 8192K
}
Event: 456.655 GC heap before
{Heap before GC invocations=24 (full 2):
 PSYoungGen      total 1082368K, used 1081933K [0x00007fe914800000, 0x00007fe97bf00000, 0x00007fee35000000)
  eden space 1067008K, 100% used [0x00007fe914800000,0x00007fe955a00000,0x00007fe955a00000)
  from space 15360K, 97% used [0x00007fe955a00000,0x00007fe956893750,0x00007fe956900000)
  to   space 312320K, 0% used [0x00007fe968e00000,0x00007fe968e00000,0x00007fe97bf00000)
 ParOldGen       total 2054656K, used 1201767K [0x00007fded3800000, 0x00007fdf50e80000, 0x00007fe914800000)
  object space 2054656K, 58% used [0x00007fded3800000,0x00007fdf1cd99d08,0x00007fdf50e80000)
 Metaspace       used 6679K, capacity 6723K, committed 6912K, reserved 8192K
Event: 456.696 GC heap after
Heap after GC invocations=24 (full 2):
 PSYoungGen      total 1359872K, used 25165K [0x00007fe914800000, 0x00007fe97a900000, 0x00007fee35000000)
  eden space 1070080K, 0% used [0x00007fe914800000,0x00007fe914800000,0x00007fe955d00000)
  from space 289792K, 8% used [0x00007fe968e00000,0x00007fe96a693740,0x00007fe97a900000)
  to   space 301056K, 0% used [0x00007fe955d00000,0x00007fe955d00000,0x00007fe968300000)
 ParOldGen       total 2054656K, used 1203311K [0x00007fded3800000, 0x00007fdf50e80000, 0x00007fe914800000)
  object space 2054656K, 58% used [0x00007fded3800000,0x00007fdf1cf1bd18,0x00007fdf50e80000)
 Metaspace       used 6679K, capacity 6723K, committed 6912K, reserved 8192K
}
Event: 482.753 GC heap before
{Heap before GC invocations=25 (full 2):
 PSYoungGen      total 1359872K, used 1095245K [0x00007fe914800000, 0x00007fe97a900000, 0x00007fee35000000)
  eden space 1070080K, 100% used [0x00007fe914800000,0x00007fe955d00000,0x00007fe955d00000)
  from space 289792K, 8% used [0x00007fe968e00000,0x00007fe96a693740,0x00007fe97a900000)
  to   space 301056K, 0% used [0x00007fe955d00000,0x00007fe955d00000,0x00007fe968300000)
 ParOldGen       total 2054656K, used 1203311K [0x00007fded3800000, 0x00007fdf50e80000, 0x00007fe914800000)
  object space 2054656K, 58% used [0x00007fded3800000,0x00007fdf1cf1bd18,0x00007fdf50e80000)
 Metaspace       used 6679K, capacity 6723K, committed 6912K, reserved 8192K
Event: 482.806 GC heap after
Heap after GC invocations=25 (full 2):
 PSYoungGen      total 1095168K, used 25069K [0x00007fe914800000, 0x00007fe979480000, 0x00007fee35000000)
  eden space 1070080K, 0% used [0x00007fe914800000,0x00007fe914800000,0x00007fe955d00000)
  from space 25088K, 99% used [0x00007fe955d00000,0x00007fe95757b740,0x00007fe957580000)
  to   space 289280K, 0% used [0x00007fe967a00000,0x00007fe967a00000,0x00007fe979480000)
 ParOldGen       total 2054656K, used 1203319K [0x00007fded3800000, 0x00007fdf50e80000, 0x00007fe914800000)
  object space 2054656K, 58% used [0x00007fded3800000,0x00007fdf1cf1dd18,0x00007fdf50e80000)
 Metaspace       used 6679K, capacity 6723K, committed 6912K, reserved 8192K
}
Event: 507.747 GC heap before
{Heap before GC invocations=26 (full 2):
 PSYoungGen      total 1095168K, used 1095149K [0x00007fe914800000, 0x00007fe979480000, 0x00007fee35000000)
  eden space 1070080K, 100% used [0x00007fe914800000,0x00007fe955d00000,0x00007fe955d00000)
  from space 25088K, 99% used [0x00007fe955d00000,0x00007fe95757b740,0x00007fe957580000)
  to   space 289280K, 0% used [0x00007fe967a00000,0x00007fe967a00000,0x00007fe979480000)
 ParOldGen       total 2054656K, used 1203319K [0x00007fded3800000, 0x00007fdf50e80000, 0x00007fe914800000)
  object space 2054656K, 58% used [0x00007fded3800000,0x00007fdf1cf1dd18,0x00007fdf50e80000)
 Metaspace       used 6679K, capacity 6723K, committed 6912K, reserved 8192K
Event: 507.778 GC heap after
Heap after GC invocations=26 (full 2):
 PSYoungGen      total 1341440K, used 13389K [0x00007fe914800000, 0x00007fe978080000, 0x00007fee35000000)
  eden space 1072640K, 0% used [0x00007fe914800000,0x00007fe914800000,0x00007fe955f80000)
  from space 268800K, 4% used [0x00007fe967a00000,0x00007fe968713740,0x00007fe978080000)
  to   space 279040K, 0% used [0x00007fe955f80000,0x00007fe955f80000,0x00007fe967000000)
 ParOldGen       total 2054656K, used 1203319K [0x00007fded3800000, 0x00007fdf50e80000, 0x00007fe914800000)
  object space 2054656K, 58% used [0x00007fded3800000,0x00007fdf1cf1dd18,0x00007fdf50e80000)
 Metaspace       used 6679K, capacity 6723K, committed 6912K, reserved 8192K
}
Event: 533.483 GC heap before
{Heap before GC invocations=27 (full 2):
 PSYoungGen      total 1341440K, used 1086029K [0x00007fe914800000, 0x00007fe978080000, 0x00007fee35000000)
  eden space 1072640K, 100% used [0x00007fe914800000,0x00007fe955f80000,0x00007fe955f80000)
  from space 268800K, 4% used [0x00007fe967a00000,0x00007fe968713740,0x00007fe978080000)
  to   space 279040K, 0% used [0x00007fe955f80000,0x00007fe955f80000,0x00007fe967000000)
 ParOldGen       total 2054656K, used 1203319K [0x00007fded3800000, 0x00007fdf50e80000, 0x00007fe914800000)
  object space 2054656K, 58% used [0x00007fded3800000,0x00007fdf1cf1dd18,0x00007fdf50e80000)
 Metaspace       used 6679K, capacity 6723K, committed 6912K, reserved 8192K
Event: 533.537 GC heap after
Heap after GC invocations=27 (full 2):
 PSYoungGen      total 1098240K, used 25133K [0x00007fe914800000, 0x00007fe976900000, 0x00007fee35000000)
  eden space 1072640K, 0% used [0x00007fe914800000,0x00007fe914800000,0x00007fe955f80000)
  from space 25600K, 98% used [0x00007fe955f80000,0x00007fe95780b740,0x00007fe957880000)
  to   space 266240K, 0% used [0x00007fe966500000,0x00007fe966500000,0x00007fe976900000)
 ParOldGen       total 2054656K, used 1203319K [0x00007fded3800000, 0x00007fdf50e80000, 0x00007fe914800000)
  object space 2054656K, 58% used [0x00007fded3800000,0x00007fdf1cf1dd18,0x00007fdf50e80000)
 Metaspace       used 6679K, capacity 6723K, committed 6912K, reserved 8192K
}

