# JRE version: Java(TM) SE Runtime Environment (8.0_92-b14) (build 1.8.0_92-b14)
# Java VM: Java HotSpot(TM) 64-Bit Server VM (25.92-b14 mixed mode linux-amd64 compressed oops)
Heap:
 PSYoungGen      total 714240K, used 590609K [0x0000000670d00000, 0x00000006a1f80000, 0x00000007c0000000)
  eden space 671744K, 81% used [0x0000000670d00000,0x0000000692447780,0x0000000699d00000)
  from space 42496K, 99% used [0x000000069f600000,0x00000006a1f7cf50,0x00000006a1f80000)
  to   space 42496K, 0% used [0x000000069cc80000,0x000000069cc80000,0x000000069f600000)
 ParOldGen       total 2048512K, used 1058095K [0x00000003d2600000, 0x000000044f680000, 0x0000000670d00000)
  object space 2048512K, 51% used [0x00000003d2600000,0x0000000412f4bcc0,0x000000044f680000)
 Metaspace       used 6874K, capacity 7084K, committed 7296K, reserved 1056768K
  class space    used 698K, capacity 774K, committed 896K, reserved 1048576K
GC Heap History (10 events):
Event: 0.835 GC heap before
{Heap before GC invocations=2 (full 0):
 PSYoungGen      total 300544K, used 300540K [0x0000000670d00000, 0x0000000695800000, 0x00000007c0000000)
  eden space 258048K, 100% used [0x0000000670d00000,0x0000000680900000,0x0000000680900000)
  from space 42496K, 99% used [0x0000000680900000,0x000000068327f020,0x0000000683280000)
  to   space 42496K, 0% used [0x0000000692e80000,0x0000000692e80000,0x0000000695800000)
 ParOldGen       total 687104K, used 191432K [0x00000003d2600000, 0x00000003fc500000, 0x0000000670d00000)
  object space 687104K, 27% used [0x00000003d2600000,0x00000003de0f2000,0x00000003fc500000)
 Metaspace       used 3211K, capacity 4556K, committed 4864K, reserved 1056768K
  class space    used 334K, capacity 392K, committed 512K, reserved 1048576K
Event: 0.954 GC heap after
Heap after GC invocations=2 (full 0):
 PSYoungGen      total 558592K, used 42475K [0x0000000670d00000, 0x0000000695800000, 0x00000007c0000000)
  eden space 516096K, 0% used [0x0000000670d00000,0x0000000670d00000,0x0000000690500000)
  from space 42496K, 99% used [0x0000000692e80000,0x00000006957fac18,0x0000000695800000)
  to   space 42496K, 0% used [0x0000000690500000,0x0000000690500000,0x0000000692e80000)
 ParOldGen       total 687104K, used 433440K [0x00000003d2600000, 0x00000003fc500000, 0x0000000670d00000)
  object space 687104K, 63% used [0x00000003d2600000,0x00000003ecd48000,0x00000003fc500000)
 Metaspace       used 3211K, capacity 4556K, committed 4864K, reserved 1056768K
  class space    used 334K, capacity 392K, committed 512K, reserved 1048576K
}
Event: 0.954 GC heap before
{Heap before GC invocations=3 (full 1):
 PSYoungGen      total 558592K, used 42475K [0x0000000670d00000, 0x0000000695800000, 0x00000007c0000000)
  eden space 516096K, 0% used [0x0000000670d00000,0x0000000670d00000,0x0000000690500000)
  from space 42496K, 99% used [0x0000000692e80000,0x00000006957fac18,0x0000000695800000)
  to   space 42496K, 0% used [0x0000000690500000,0x0000000690500000,0x0000000692e80000)
 ParOldGen       total 687104K, used 433440K [0x00000003d2600000, 0x00000003fc500000, 0x0000000670d00000)
  object space 687104K, 63% used [0x00000003d2600000,0x00000003ecd48000,0x00000003fc500000)
 Metaspace       used 3211K, capacity 4556K, committed 4864K, reserved 1056768K
  class space    used 334K, capacity 392K, committed 512K, reserved 1048576K
Event: 1.548 GC heap after
Heap after GC invocations=3 (full 1):
 PSYoungGen      total 558592K, used 0K [0x0000000670d00000, 0x0000000695800000, 0x00000007c0000000)
  eden space 516096K, 0% used [0x0000000670d00000,0x0000000670d00000,0x0000000690500000)
  from space 42496K, 0% used [0x0000000692e80000,0x0000000692e80000,0x0000000695800000)
  to   space 42496K, 0% used [0x0000000690500000,0x0000000690500000,0x0000000692e80000)
 ParOldGen       total 1131520K, used 470357K [0x00000003d2600000, 0x0000000417700000, 0x0000000670d00000)
  object space 1131520K, 41% used [0x00000003d2600000,0x00000003ef155680,0x0000000417700000)
 Metaspace       used 3211K, capacity 4556K, committed 4864K, reserved 1056768K
  class space    used 334K, capacity 392K, committed 512K, reserved 1048576K
}
Event: 1.923 GC heap before
{Heap before GC invocations=4 (full 1):
 PSYoungGen      total 558592K, used 516096K [0x0000000670d00000, 0x0000000695800000, 0x00000007c0000000)
  eden space 516096K, 100% used [0x0000000670d00000,0x0000000690500000,0x0000000690500000)
  from space 42496K, 0% used [0x0000000692e80000,0x0000000692e80000,0x0000000695800000)
  to   space 42496K, 0% used [0x0000000690500000,0x0000000690500000,0x0000000692e80000)
 ParOldGen       total 1131520K, used 470357K [0x00000003d2600000, 0x0000000417700000, 0x0000000670d00000)
  object space 1131520K, 41% used [0x00000003d2600000,0x00000003ef155680,0x0000000417700000)
 Metaspace       used 3262K, capacity 4556K, committed 4864K, reserved 1056768K
  class space    used 337K, capacity 392K, committed 512K, reserved 1048576K
Event: 2.134 GC heap after
Heap after GC invocations=4 (full 1):
 PSYoungGen      total 558592K, used 42466K [0x0000000670d00000, 0x00000006a1f80000, 0x00000007c0000000)
  eden space 516096K, 0% used [0x0000000670d00000,0x0000000670d00000,0x0000000690500000)
  from space 42496K, 99% used [0x0000000690500000,0x0000000692e78a98,0x0000000692e80000)
  to   space 42496K, 0% used [0x000000069f600000,0x000000069f600000,0x00000006a1f80000)
 ParOldGen       total 1131520K, used 898421K [0x00000003d2600000, 0x0000000417700000, 0x0000000670d00000)
  object space 1131520K, 79% used [0x00000003d2600000,0x000000040935d680,0x0000000417700000)
 Metaspace       used 3262K, capacity 4556K, committed 4864K, reserved 1056768K
  class space    used 337K, capacity 392K, committed 512K, reserved 1048576K
}
Event: 2.134 GC heap before
{Heap before GC invocations=5 (full 2):
 PSYoungGen      total 558592K, used 42466K [0x0000000670d00000, 0x00000006a1f80000, 0x00000007c0000000)
  eden space 516096K, 0% used [0x0000000670d00000,0x0000000670d00000,0x0000000690500000)
  from space 42496K, 99% used [0x0000000690500000,0x0000000692e78a98,0x0000000692e80000)
  to   space 42496K, 0% used [0x000000069f600000,0x000000069f600000,0x00000006a1f80000)
 ParOldGen       total 1131520K, used 898421K [0x00000003d2600000, 0x0000000417700000, 0x0000000670d00000)
  object space 1131520K, 79% used [0x00000003d2600000,0x000000040935d680,0x0000000417700000)
 Metaspace       used 3262K, capacity 4556K, committed 4864K, reserved 1056768K
  class space    used 337K, capacity 392K, committed 512K, reserved 1048576K
Event: 2.888 GC heap after
Heap after GC invocations=5 (full 2):
 PSYoungGen      total 558592K, used 0K [0x0000000670d00000, 0x00000006a1f80000, 0x00000007c0000000)
  eden space 516096K, 0% used [0x0000000670d00000,0x0000000670d00000,0x0000000690500000)
  from space 42496K, 0% used [0x0000000690500000,0x0000000690500000,0x0000000692e80000)
  to   space 42496K, 0% used [0x000000069f600000,0x000000069f600000,0x00000006a1f80000)
 ParOldGen       total 2048512K, used 924967K [0x00000003d2600000, 0x000000044f680000, 0x0000000670d00000)
  object space 2048512K, 45% used [0x00000003d2600000,0x000000040ad49f78,0x000000044f680000)
 Metaspace       used 3262K, capacity 4556K, committed 4864K, reserved 1056768K
  class space    used 337K, capacity 392K, committed 512K, reserved 1048576K
}
Event: 3.583 GC heap before
{Heap before GC invocations=6 (full 2):
 PSYoungGen      total 558592K, used 516096K [0x0000000670d00000, 0x00000006a1f80000, 0x00000007c0000000)
  eden space 516096K, 100% used [0x0000000670d00000,0x0000000690500000,0x0000000690500000)
  from space 42496K, 0% used [0x0000000690500000,0x0000000690500000,0x0000000692e80000)
  to   space 42496K, 0% used [0x000000069f600000,0x000000069f600000,0x00000006a1f80000)
 ParOldGen       total 2048512K, used 924967K [0x00000003d2600000, 0x000000044f680000, 0x0000000670d00000)
  object space 2048512K, 45% used [0x00000003d2600000,0x000000040ad49f78,0x000000044f680000)
 Metaspace       used 4533K, capacity 4852K, committed 5120K, reserved 1056768K
  class space    used 475K, capacity 496K, committed 512K, reserved 1048576K
Event: 3.672 GC heap after
Heap after GC invocations=6 (full 2):
 PSYoungGen      total 714240K, used 42483K [0x0000000670d00000, 0x00000006a1f80000, 0x00000007c0000000)
  eden space 671744K, 0% used [0x0000000670d00000,0x0000000670d00000,0x0000000699d00000)
  from space 42496K, 99% used [0x000000069f600000,0x00000006a1f7cf50,0x00000006a1f80000)
  to   space 42496K, 0% used [0x000000069cc80000,0x000000069cc80000,0x000000069f600000)
 ParOldGen       total 2048512K, used 1058095K [0x00000003d2600000, 0x000000044f680000, 0x0000000670d00000)
  object space 2048512K, 51% used [0x00000003d2600000,0x0000000412f4bcc0,0x000000044f680000)
 Metaspace       used 4533K, capacity 4852K, committed 5120K, reserved 1056768K
  class space    used 475K, capacity 496K, committed 512K, reserved 1048576K
}

