# JRE version: Java(TM) SE Runtime Environment (8.0_92-b14) (build 1.8.0_92-b14)
# Java VM: Java HotSpot(TM) 64-Bit Server VM (25.92-b14 mixed mode linux-amd64 compressed oops)
Heap:
 PSYoungGen      total 1325056K, used 228090K [0x0000000670d00000, 0x00000006df800000, 0x00000007c0000000)
  eden space 835072K, 7% used [0x0000000670d00000,0x0000000674dd7858,0x00000006a3c80000)
  from space 489984K, 32% used [0x00000006c1980000,0x00000006cb7670a0,0x00000006df800000)
  to   space 488448K, 0% used [0x00000006a3c80000,0x00000006a3c80000,0x00000006c1980000)
 ParOldGen       total 2067456K, used 1144130K [0x00000003d2600000, 0x0000000450900000, 0x0000000670d00000)
  object space 2067456K, 55% used [0x00000003d2600000,0x0000000418350980,0x0000000450900000)
 Metaspace       used 6893K, capacity 7072K, committed 7296K, reserved 1056768K
  class space    used 700K, capacity 774K, committed 896K, reserved 1048576K
GC Heap History (10 events):
Event: 2.042 GC heap before
{Heap before GC invocations=4 (full 1):
 PSYoungGen      total 558592K, used 516096K [0x0000000670d00000, 0x0000000695800000, 0x00000007c0000000)
  eden space 516096K, 100% used [0x0000000670d00000,0x0000000690500000,0x0000000690500000)
  from space 42496K, 0% used [0x0000000692e80000,0x0000000692e80000,0x0000000695800000)
  to   space 42496K, 0% used [0x0000000690500000,0x0000000690500000,0x0000000692e80000)
 ParOldGen       total 1138688K, used 470357K [0x00000003d2600000, 0x0000000417e00000, 0x0000000670d00000)
  object space 1138688K, 41% used [0x00000003d2600000,0x00000003ef155438,0x0000000417e00000)
 Metaspace       used 3263K, capacity 4556K, committed 4864K, reserved 1056768K
  class space    used 337K, capacity 392K, committed 512K, reserved 1048576K
Event: 2.251 GC heap after
Heap after GC invocations=4 (full 1):
 PSYoungGen      total 558592K, used 42482K [0x0000000670d00000, 0x00000006a0f00000, 0x00000007c0000000)
  eden space 516096K, 0% used [0x0000000670d00000,0x0000000670d00000,0x0000000690500000)
  from space 42496K, 99% used [0x0000000690500000,0x0000000692e7ca88,0x0000000692e80000)
  to   space 42496K, 0% used [0x000000069e580000,0x000000069e580000,0x00000006a0f00000)
 ParOldGen       total 1138688K, used 898421K [0x00000003d2600000, 0x0000000417e00000, 0x0000000670d00000)
  object space 1138688K, 78% used [0x00000003d2600000,0x000000040935d438,0x0000000417e00000)
 Metaspace       used 3263K, capacity 4556K, committed 4864K, reserved 1056768K
  class space    used 337K, capacity 392K, committed 512K, reserved 1048576K
}
Event: 2.251 GC heap before
{Heap before GC invocations=5 (full 2):
 PSYoungGen      total 558592K, used 42482K [0x0000000670d00000, 0x00000006a0f00000, 0x00000007c0000000)
  eden space 516096K, 0% used [0x0000000670d00000,0x0000000670d00000,0x0000000690500000)
  from space 42496K, 99% used [0x0000000690500000,0x0000000692e7ca88,0x0000000692e80000)
  to   space 42496K, 0% used [0x000000069e580000,0x000000069e580000,0x00000006a0f00000)
 ParOldGen       total 1138688K, used 898421K [0x00000003d2600000, 0x0000000417e00000, 0x0000000670d00000)
  object space 1138688K, 78% used [0x00000003d2600000,0x000000040935d438,0x0000000417e00000)
 Metaspace       used 3263K, capacity 4556K, committed 4864K, reserved 1056768K
  class space    used 337K, capacity 392K, committed 512K, reserved 1048576K
Event: 3.040 GC heap after
Heap after GC invocations=5 (full 2):
 PSYoungGen      total 558592K, used 0K [0x0000000670d00000, 0x00000006a0f00000, 0x00000007c0000000)
  eden space 516096K, 0% used [0x0000000670d00000,0x0000000670d00000,0x0000000690500000)
  from space 42496K, 0% used [0x0000000690500000,0x0000000690500000,0x0000000692e80000)
  to   space 42496K, 0% used [0x000000069e580000,0x000000069e580000,0x00000006a0f00000)
 ParOldGen       total 2067456K, used 924967K [0x00000003d2600000, 0x0000000450900000, 0x0000000670d00000)
  object space 2067456K, 44% used [0x00000003d2600000,0x000000040ad49fc0,0x0000000450900000)
 Metaspace       used 3263K, capacity 4556K, committed 4864K, reserved 1056768K
  class space    used 337K, capacity 392K, committed 512K, reserved 1048576K
}
Event: 3.697 GC heap before
{Heap before GC invocations=6 (full 2):
 PSYoungGen      total 558592K, used 516096K [0x0000000670d00000, 0x00000006a0f00000, 0x00000007c0000000)
  eden space 516096K, 100% used [0x0000000670d00000,0x0000000690500000,0x0000000690500000)
  from space 42496K, 0% used [0x0000000690500000,0x0000000690500000,0x0000000692e80000)
  to   space 42496K, 0% used [0x000000069e580000,0x000000069e580000,0x00000006a0f00000)
 ParOldGen       total 2067456K, used 924967K [0x00000003d2600000, 0x0000000450900000, 0x0000000670d00000)
  object space 2067456K, 44% used [0x00000003d2600000,0x000000040ad49fc0,0x0000000450900000)
 Metaspace       used 4533K, capacity 4852K, committed 5120K, reserved 1056768K
  class space    used 475K, capacity 496K, committed 512K, reserved 1048576K
Event: 3.788 GC heap after
Heap after GC invocations=6 (full 2):
 PSYoungGen      total 706048K, used 42483K [0x0000000670d00000, 0x00000006a0f00000, 0x00000007c0000000)
  eden space 663552K, 0% used [0x0000000670d00000,0x0000000670d00000,0x0000000699500000)
  from space 42496K, 99% used [0x000000069e580000,0x00000006a0efcf50,0x00000006a0f00000)
  to   space 42496K, 0% used [0x000000069bc00000,0x000000069bc00000,0x000000069e580000)
 ParOldGen       total 2067456K, used 1058095K [0x00000003d2600000, 0x0000000450900000, 0x0000000670d00000)
  object space 2067456K, 51% used [0x00000003d2600000,0x0000000412f4bd08,0x0000000450900000)
 Metaspace       used 4533K, capacity 4852K, committed 5120K, reserved 1056768K
  class space    used 475K, capacity 496K, committed 512K, reserved 1048576K
}
Event: 18.801 GC heap before
{Heap before GC invocations=7 (full 2):
 PSYoungGen      total 706048K, used 706035K [0x0000000670d00000, 0x00000006a0f00000, 0x00000007c0000000)
  eden space 663552K, 100% used [0x0000000670d00000,0x0000000699500000,0x0000000699500000)
  from space 42496K, 99% used [0x000000069e580000,0x00000006a0efcf50,0x00000006a0f00000)
  to   space 42496K, 0% used [0x000000069bc00000,0x000000069bc00000,0x000000069e580000)
 ParOldGen       total 2067456K, used 1058095K [0x00000003d2600000, 0x0000000450900000, 0x0000000670d00000)
  object space 2067456K, 51% used [0x00000003d2600000,0x0000000412f4bd08,0x0000000450900000)
 Metaspace       used 6874K, capacity 7072K, committed 7296K, reserved 1056768K
  class space    used 699K, capacity 774K, committed 896K, reserved 1048576K
Event: 18.939 GC heap after
Heap after GC invocations=7 (full 2):
 PSYoungGen      total 745984K, used 42483K [0x0000000670d00000, 0x00000006e0680000, 0x00000007c0000000)
  eden space 703488K, 0% used [0x0000000670d00000,0x0000000670d00000,0x000000069bc00000)
  from space 42496K, 99% used [0x000000069bc00000,0x000000069e57cf70,0x000000069e580000)
  to   space 504832K, 0% used [0x00000006c1980000,0x00000006c1980000,0x00000006e0680000)
 ParOldGen       total 2067456K, used 1144122K [0x00000003d2600000, 0x0000000450900000, 0x0000000670d00000)
  object space 2067456K, 55% used [0x00000003d2600000,0x000000041834e980,0x0000000450900000)
 Metaspace       used 6874K, capacity 7072K, committed 7296K, reserved 1056768K
  class space    used 699K, capacity 774K, committed 896K, reserved 1048576K
}
Event: 49.838 GC heap before
{Heap before GC invocations=8 (full 2):
 PSYoungGen      total 745984K, used 745971K [0x0000000670d00000, 0x00000006e0680000, 0x00000007c0000000)
  eden space 703488K, 100% used [0x0000000670d00000,0x000000069bc00000,0x000000069bc00000)
  from space 42496K, 99% used [0x000000069bc00000,0x000000069e57cf70,0x000000069e580000)
  to   space 504832K, 0% used [0x00000006c1980000,0x00000006c1980000,0x00000006e0680000)
 ParOldGen       total 2067456K, used 1144122K [0x00000003d2600000, 0x0000000450900000, 0x0000000670d00000)
  object space 2067456K, 55% used [0x00000003d2600000,0x000000041834e980,0x0000000450900000)
 Metaspace       used 6883K, capacity 7072K, committed 7296K, reserved 1056768K
  class space    used 699K, capacity 774K, committed 896K, reserved 1048576K
Event: 50.141 GC heap after
Heap after GC invocations=8 (full 2):
 PSYoungGen      total 1325056K, used 161692K [0x0000000670d00000, 0x00000006df800000, 0x00000007c0000000)
  eden space 835072K, 0% used [0x0000000670d00000,0x0000000670d00000,0x00000006a3c80000)
  from space 489984K, 32% used [0x00000006c1980000,0x00000006cb7670a0,0x00000006df800000)
  to   space 488448K, 0% used [0x00000006a3c80000,0x00000006a3c80000,0x00000006c1980000)
 ParOldGen       total 2067456K, used 1144130K [0x00000003d2600000, 0x0000000450900000, 0x0000000670d00000)
  object space 2067456K, 55% used [0x00000003d2600000,0x0000000418350980,0x0000000450900000)
 Metaspace       used 6883K, capacity 7072K, committed 7296K, reserved 1056768K
  class space    used 699K, capacity 774K, committed 896K, reserved 1048576K
}

