# JRE version: Java(TM) SE Runtime Environment (8.0_92-b14) (build 1.8.0_92-b14)
# Java VM: Java HotSpot(TM) 64-Bit Server VM (25.92-b14 mixed mode linux-amd64 compressed oops)
Heap:
 PSYoungGen      total 1338880K, used 500890K [0x0000000670d00000, 0x00000006e0d00000, 0x00000007c0000000)
  eden space 857088K, 38% used [0x0000000670d00000,0x0000000684f8c1a0,0x00000006a5200000)
  from space 481792K, 35% used [0x00000006c3680000,0x00000006cdd1a7b8,0x00000006e0d00000)
  to   space 488960K, 0% used [0x00000006a5200000,0x00000006a5200000,0x00000006c2f80000)
 ParOldGen       total 2061312K, used 1127600K [0x00000003d2600000, 0x0000000450300000, 0x0000000670d00000)
  object space 2061312K, 54% used [0x00000003d2600000,0x000000041732c280,0x0000000450300000)
 Metaspace       used 6870K, capacity 7074K, committed 7296K, reserved 1056768K
  class space    used 697K, capacity 773K, committed 896K, reserved 1048576K
GC Heap History (10 events):
Event: 1.760 GC heap before
{Heap before GC invocations=4 (full 1):
 PSYoungGen      total 558592K, used 516096K [0x0000000670d00000, 0x0000000695800000, 0x00000007c0000000)
  eden space 516096K, 100% used [0x0000000670d00000,0x0000000690500000,0x0000000690500000)
  from space 42496K, 0% used [0x0000000692e80000,0x0000000692e80000,0x0000000695800000)
  to   space 42496K, 0% used [0x0000000690500000,0x0000000690500000,0x0000000692e80000)
 ParOldGen       total 1135616K, used 470372K [0x00000003d2600000, 0x0000000417b00000, 0x0000000670d00000)
  object space 1135616K, 41% used [0x00000003d2600000,0x00000003ef159190,0x0000000417b00000)
 Metaspace       used 3261K, capacity 4556K, committed 4864K, reserved 1056768K
  class space    used 337K, capacity 392K, committed 512K, reserved 1048576K
Event: 1.963 GC heap after
Heap after GC invocations=4 (full 1):
 PSYoungGen      total 558592K, used 42466K [0x0000000670d00000, 0x00000006a1600000, 0x00000007c0000000)
  eden space 516096K, 0% used [0x0000000670d00000,0x0000000670d00000,0x0000000690500000)
  from space 42496K, 99% used [0x0000000690500000,0x0000000692e78a98,0x0000000692e80000)
  to   space 42496K, 0% used [0x000000069ec80000,0x000000069ec80000,0x00000006a1600000)
 ParOldGen       total 1135616K, used 898476K [0x00000003d2600000, 0x0000000417b00000, 0x0000000670d00000)
  object space 1135616K, 79% used [0x00000003d2600000,0x000000040936b190,0x0000000417b00000)
 Metaspace       used 3261K, capacity 4556K, committed 4864K, reserved 1056768K
  class space    used 337K, capacity 392K, committed 512K, reserved 1048576K
}
Event: 1.963 GC heap before
{Heap before GC invocations=5 (full 2):
 PSYoungGen      total 558592K, used 42466K [0x0000000670d00000, 0x00000006a1600000, 0x00000007c0000000)
  eden space 516096K, 0% used [0x0000000670d00000,0x0000000670d00000,0x0000000690500000)
  from space 42496K, 99% used [0x0000000690500000,0x0000000692e78a98,0x0000000692e80000)
  to   space 42496K, 0% used [0x000000069ec80000,0x000000069ec80000,0x00000006a1600000)
 ParOldGen       total 1135616K, used 898476K [0x00000003d2600000, 0x0000000417b00000, 0x0000000670d00000)
  object space 1135616K, 79% used [0x00000003d2600000,0x000000040936b190,0x0000000417b00000)
 Metaspace       used 3261K, capacity 4556K, committed 4864K, reserved 1056768K
  class space    used 337K, capacity 392K, committed 512K, reserved 1048576K
Event: 2.858 GC heap after
Heap after GC invocations=5 (full 2):
 PSYoungGen      total 558592K, used 0K [0x0000000670d00000, 0x00000006a1600000, 0x00000007c0000000)
  eden space 516096K, 0% used [0x0000000670d00000,0x0000000670d00000,0x0000000690500000)
  from space 42496K, 0% used [0x0000000690500000,0x0000000690500000,0x0000000692e80000)
  to   space 42496K, 0% used [0x000000069ec80000,0x000000069ec80000,0x00000006a1600000)
 ParOldGen       total 2061312K, used 925008K [0x00000003d2600000, 0x0000000450300000, 0x0000000670d00000)
  object space 2061312K, 44% used [0x00000003d2600000,0x000000040ad540f8,0x0000000450300000)
 Metaspace       used 3261K, capacity 4556K, committed 4864K, reserved 1056768K
  class space    used 337K, capacity 392K, committed 512K, reserved 1048576K
}
Event: 3.594 GC heap before
{Heap before GC invocations=6 (full 2):
 PSYoungGen      total 558592K, used 516096K [0x0000000670d00000, 0x00000006a1600000, 0x00000007c0000000)
  eden space 516096K, 100% used [0x0000000670d00000,0x0000000690500000,0x0000000690500000)
  from space 42496K, 0% used [0x0000000690500000,0x0000000690500000,0x0000000692e80000)
  to   space 42496K, 0% used [0x000000069ec80000,0x000000069ec80000,0x00000006a1600000)
 ParOldGen       total 2061312K, used 925008K [0x00000003d2600000, 0x0000000450300000, 0x0000000670d00000)
  object space 2061312K, 44% used [0x00000003d2600000,0x000000040ad540f8,0x0000000450300000)
 Metaspace       used 4527K, capacity 4852K, committed 5120K, reserved 1056768K
  class space    used 475K, capacity 496K, committed 512K, reserved 1048576K
Event: 3.856 GC heap after
Heap after GC invocations=6 (full 2):
 PSYoungGen      total 716288K, used 42483K [0x0000000670d00000, 0x00000006a1600000, 0x00000007c0000000)
  eden space 673792K, 0% used [0x0000000670d00000,0x0000000670d00000,0x0000000699f00000)
  from space 42496K, 99% used [0x000000069ec80000,0x00000006a15fcf50,0x00000006a1600000)
  to   space 42496K, 0% used [0x000000069c300000,0x000000069c300000,0x000000069ec80000)
 ParOldGen       total 2061312K, used 1058119K [0x00000003d2600000, 0x0000000450300000, 0x0000000670d00000)
  object space 2061312K, 51% used [0x00000003d2600000,0x0000000412f51e40,0x0000000450300000)
 Metaspace       used 4527K, capacity 4852K, committed 5120K, reserved 1056768K
  class space    used 475K, capacity 496K, committed 512K, reserved 1048576K
}
Event: 15.679 GC heap before
{Heap before GC invocations=7 (full 2):
 PSYoungGen      total 716288K, used 716275K [0x0000000670d00000, 0x00000006a1600000, 0x00000007c0000000)
  eden space 673792K, 100% used [0x0000000670d00000,0x0000000699f00000,0x0000000699f00000)
  from space 42496K, 99% used [0x000000069ec80000,0x00000006a15fcf50,0x00000006a1600000)
  to   space 42496K, 0% used [0x000000069c300000,0x000000069c300000,0x000000069ec80000)
 ParOldGen       total 2061312K, used 1058119K [0x00000003d2600000, 0x0000000450300000, 0x0000000670d00000)
  object space 2061312K, 51% used [0x00000003d2600000,0x0000000412f51e40,0x0000000450300000)
 Metaspace       used 6860K, capacity 7074K, committed 7296K, reserved 1056768K
  class space    used 697K, capacity 773K, committed 896K, reserved 1048576K
Event: 15.869 GC heap after
Heap after GC invocations=7 (full 2):
 PSYoungGen      total 753152K, used 42473K [0x0000000670d00000, 0x00000006e2800000, 0x00000007c0000000)
  eden space 710656K, 0% used [0x0000000670d00000,0x0000000670d00000,0x000000069c300000)
  from space 42496K, 99% used [0x000000069c300000,0x000000069ec7a7b8,0x000000069ec80000)
  to   space 509440K, 0% used [0x00000006c3680000,0x00000006c3680000,0x00000006e2800000)
 ParOldGen       total 2061312K, used 1127592K [0x00000003d2600000, 0x0000000450300000, 0x0000000670d00000)
  object space 2061312K, 54% used [0x00000003d2600000,0x000000041732a280,0x0000000450300000)
 Metaspace       used 6860K, capacity 7074K, committed 7296K, reserved 1056768K
  class space    used 697K, capacity 773K, committed 896K, reserved 1048576K
}
Event: 50.612 GC heap before
{Heap before GC invocations=8 (full 2):
 PSYoungGen      total 753152K, used 753129K [0x0000000670d00000, 0x00000006e2800000, 0x00000007c0000000)
  eden space 710656K, 100% used [0x0000000670d00000,0x000000069c300000,0x000000069c300000)
  from space 42496K, 99% used [0x000000069c300000,0x000000069ec7a7b8,0x000000069ec80000)
  to   space 509440K, 0% used [0x00000006c3680000,0x00000006c3680000,0x00000006e2800000)
 ParOldGen       total 2061312K, used 1127592K [0x00000003d2600000, 0x0000000450300000, 0x0000000670d00000)
  object space 2061312K, 54% used [0x00000003d2600000,0x000000041732a280,0x0000000450300000)
 Metaspace       used 6870K, capacity 7074K, committed 7296K, reserved 1056768K
  class space    used 697K, capacity 773K, committed 896K, reserved 1048576K
Event: 51.102 GC heap after
Heap after GC invocations=8 (full 2):
 PSYoungGen      total 1338880K, used 170601K [0x0000000670d00000, 0x00000006e0d00000, 0x00000007c0000000)
  eden space 857088K, 0% used [0x0000000670d00000,0x0000000670d00000,0x00000006a5200000)
  from space 481792K, 35% used [0x00000006c3680000,0x00000006cdd1a7b8,0x00000006e0d00000)
  to   space 488960K, 0% used [0x00000006a5200000,0x00000006a5200000,0x00000006c2f80000)
 ParOldGen       total 2061312K, used 1127600K [0x00000003d2600000, 0x0000000450300000, 0x0000000670d00000)
  object space 2061312K, 54% used [0x00000003d2600000,0x000000041732c280,0x0000000450300000)
 Metaspace       used 6870K, capacity 7074K, committed 7296K, reserved 1056768K
  class space    used 697K, capacity 773K, committed 896K, reserved 1048576K
}

